[2023-06-09 06:12:38.262 +00:00] [INF] [4] Main: Jellyfin version: "10.9.0"
[2023-06-09 06:12:38.291 +00:00] [INF] [4] Main: Environment Variables: ["[JELLYFIN_LOG_DIR, /lzcapp/var/data/log]"]
[2023-06-09 06:12:38.295 +00:00] [INF] [4] Main: Arguments: ["/jellyfin/jellyfin.dll", "--datadir", "/lzcapp/var/data", "--cachedir", "/lzcapp/cache", "--ffmpeg", "/usr/lib/jellyfin-ffmpeg/ffmpeg"]
[2023-06-09 06:12:38.296 +00:00] [INF] [4] Main: Operating system: "Linux 6.3.2-arch1-1 #1 SMP PREEMPT_DYNAMIC Thu, 11 May 2023 16:40:42 +0000"
[2023-06-09 06:12:38.296 +00:00] [INF] [4] Main: Architecture: X64
[2023-06-09 06:12:38.300 +00:00] [INF] [4] Main: 64-Bit Process: True
[2023-06-09 06:12:38.300 +00:00] [INF] [4] Main: User Interactive: True
[2023-06-09 06:12:38.301 +00:00] [INF] [4] Main: Processor count: 16
[2023-06-09 06:12:38.301 +00:00] [INF] [4] Main: Program data path: "/lzcapp/var/data"
[2023-06-09 06:12:38.301 +00:00] [INF] [4] Main: Web resources path: "/jellyfin/jellyfin-web"
[2023-06-09 06:12:38.301 +00:00] [INF] [4] Main: Application directory: "/jellyfin/"
[2023-06-09 06:12:38.334 +00:00] [INF] [4] Jellyfin.Server.Migrations.MigrationRunner: Marking following migrations as applied because this is a fresh install: ["CreateNetworkConfiguration", "MigrateMusicBrainzTimeout"]
[2023-06-09 06:12:38.458 +00:00] [INF] [4] Emby.Server.Implementations.AppBase.BaseConfigurationManager: Setting cache path: "/lzcapp/cache"
[2023-06-09 06:12:38.506 +00:00] [INF] [4] Emby.Server.Implementations.ApplicationHost: Loading assemblies
[2023-06-09 06:12:38.674 +00:00] [INF] [4] Jellyfin.Networking.Manager.NetworkManager: Defined LAN addresses: "[10.0.0.0/8,172.16.0.0/12,192.168.0.0/16]"
[2023-06-09 06:12:38.674 +00:00] [INF] [4] Jellyfin.Networking.Manager.NetworkManager: Defined LAN exclusions: "[]"
[2023-06-09 06:12:38.675 +00:00] [INF] [4] Jellyfin.Networking.Manager.NetworkManager: Using LAN addresses: "[10.0.0.0/8,172.16.0.0/12,192.168.0.0/16]"
[2023-06-09 06:12:38.686 +00:00] [INF] [4] Jellyfin.Networking.Manager.NetworkManager: Using bind addresses: "[]"
[2023-06-09 06:12:38.686 +00:00] [INF] [4] Jellyfin.Networking.Manager.NetworkManager: Using bind exclusions: "[]"
[2023-06-09 06:12:40.228 +00:00] [INF] [4] Emby.Server.Implementations.ApplicationHost: There are pending EFCore migrations in the database. Applying... (This may take a while, do not stop Jellyfin)
[2023-06-09 06:12:40.848 +00:00] [WRN] [11] Microsoft.EntityFrameworkCore.Migrations: An operation of type '"SqlOperation"' will be attempted while a rebuild of table '"ImageInfos"' is pending. The database may not be in an expected state. Review the SQL generated by this migration to help diagnose any failures. Consider moving these operations to a subsequent migration.
[2023-06-09 06:12:40.849 +00:00] [WRN] [11] Microsoft.EntityFrameworkCore.Migrations: An operation of type '"SqlOperation"' will be attempted while a rebuild of table '"ImageInfos"' is pending. The database may not be in an expected state. Review the SQL generated by this migration to help diagnose any failures. Consider moving these operations to a subsequent migration.
[2023-06-09 06:12:40.871 +00:00] [WRN] [11] Microsoft.EntityFrameworkCore.Migrations: An operation of type '"SqlOperation"' will be attempted while a rebuild of table '"Permissions"' is pending. The database may not be in an expected state. Review the SQL generated by this migration to help diagnose any failures. Consider moving these operations to a subsequent migration.
[2023-06-09 06:12:40.871 +00:00] [WRN] [11] Microsoft.EntityFrameworkCore.Migrations: An operation of type '"SqlOperation"' will be attempted while a rebuild of table '"Permissions"' is pending. The database may not be in an expected state. Review the SQL generated by this migration to help diagnose any failures. Consider moving these operations to a subsequent migration.
[2023-06-09 06:12:40.872 +00:00] [WRN] [11] Microsoft.EntityFrameworkCore.Migrations: An operation of type '"SqlOperation"' will be attempted while a rebuild of table '"Preferences"' is pending. The database may not be in an expected state. Review the SQL generated by this migration to help diagnose any failures. Consider moving these operations to a subsequent migration.
[2023-06-09 06:12:40.873 +00:00] [WRN] [11] Microsoft.EntityFrameworkCore.Migrations: An operation of type '"SqlOperation"' will be attempted while a rebuild of table '"Preferences"' is pending. The database may not be in an expected state. Review the SQL generated by this migration to help diagnose any failures. Consider moving these operations to a subsequent migration.
[2023-06-09 06:12:40.874 +00:00] [WRN] [11] Microsoft.EntityFrameworkCore.Migrations: An operation of type '"SqlOperation"' will be attempted while a rebuild of table '"Users"' is pending. The database may not be in an expected state. Review the SQL generated by this migration to help diagnose any failures. Consider moving these operations to a subsequent migration.
[2023-06-09 06:12:40.874 +00:00] [WRN] [11] Microsoft.EntityFrameworkCore.Migrations: An operation of type '"SqlOperation"' will be attempted while a rebuild of table '"Users"' is pending. The database may not be in an expected state. Review the SQL generated by this migration to help diagnose any failures. Consider moving these operations to a subsequent migration.
[2023-06-09 06:12:41.104 +00:00] [INF] [6] Emby.Server.Implementations.ApplicationHost: EFCore migrations applied successfully
[2023-06-09 06:12:41.741 +00:00] [INF] [6] Emby.Server.Implementations.AppBase.BaseConfigurationManager: Saving system configuration
[2023-06-09 06:12:41.743 +00:00] [INF] [6] Emby.Server.Implementations.AppBase.BaseConfigurationManager: Setting cache path: "/lzcapp/cache"
[2023-06-09 06:12:41.750 +00:00] [INF] [6] Emby.Server.Implementations.Plugins.PluginManager: Loaded plugin: "TMDb" "10.9.0.0"
[2023-06-09 06:12:41.752 +00:00] [INF] [6] Emby.Server.Implementations.Plugins.PluginManager: Loaded plugin: "Studio Images" "10.9.0.0"
[2023-06-09 06:12:41.752 +00:00] [INF] [6] Emby.Server.Implementations.Plugins.PluginManager: Loaded plugin: "OMDb" "10.9.0.0"
[2023-06-09 06:12:41.773 +00:00] [INF] [6] Emby.Server.Implementations.Plugins.PluginManager: Loaded plugin: "MusicBrainz" "10.9.0.0"
[2023-06-09 06:12:41.774 +00:00] [INF] [6] Emby.Server.Implementations.Plugins.PluginManager: Loaded plugin: "AudioDB" "10.9.0.0"
[2023-06-09 06:12:41.847 +00:00] [INF] [6] Jellyfin.Server.Migrations.MigrationRunner: Marking following migrations as applied because this is a fresh install: ["DisableTranscodingThrottling", "CreateLoggingConfigHeirarchy", "MigrateActivityLogDatabase", "RemoveDuplicateExtras", "MigrateUserDatabase", "MigrateDisplayPreferencesDatabase", "RemoveDownloadImagesInAdvance", "MigrateAuthenticationDatabase", "FixPlaylistOwner", "MigrateRatingLevels"]
[2023-06-09 06:12:41.849 +00:00] [INF] [6] Jellyfin.Server.Migrations.MigrationRunner: Applying migration '"AddDefaultPluginRepository"'
[2023-06-09 06:12:41.849 +00:00] [INF] [6] Emby.Server.Implementations.AppBase.BaseConfigurationManager: Saving system configuration
[2023-06-09 06:12:41.851 +00:00] [INF] [6] Emby.Server.Implementations.AppBase.BaseConfigurationManager: Setting cache path: "/lzcapp/cache"
[2023-06-09 06:12:41.851 +00:00] [INF] [6] Jellyfin.Server.Migrations.MigrationRunner: Migration '"AddDefaultPluginRepository"' applied successfully
[2023-06-09 06:12:41.868 +00:00] [INF] [6] Jellyfin.Server.Migrations.MigrationRunner: Applying migration '"ReaddDefaultPluginRepository"'
[2023-06-09 06:12:41.869 +00:00] [INF] [6] Jellyfin.Server.Migrations.MigrationRunner: Migration '"ReaddDefaultPluginRepository"' applied successfully
[2023-06-09 06:12:41.886 +00:00] [INF] [6] Main: Kestrel listening on "Any IP4 Address"
[2023-06-09 06:12:41.928 +00:00] [WRN] [6] Microsoft.AspNetCore.DataProtection.KeyManagement.XmlKeyManager: No XML encryptor configured. Key {e0c6f22a-c599-4e7d-aa25-d2239d8914c8} may be persisted to storage in unencrypted form.
[2023-06-09 06:12:42.638 +00:00] [INF] [6] Emby.Server.Implementations.ApplicationHost: Running startup tasks
[2023-06-09 06:12:42.708 +00:00] [INF] [6] Emby.Server.Implementations.ScheduledTasks.TaskManager: Daily trigger for "Extract Chapter Images" set to fire at 2023-06-10 02:00:00.000 +00:00, which is 19:47:17.2913824 from now.
[2023-06-09 06:12:42.823 +00:00] [INF] [6] MediaBrowser.MediaEncoding.Encoder.MediaEncoder: Found ffmpeg version "5.1.3"
[2023-06-09 06:12:42.913 +00:00] [INF] [6] MediaBrowser.MediaEncoding.Encoder.MediaEncoder: Available "decoders": ["libdav1d", "av1", "av1_cuvid", "av1_qsv", "h264", "h264_qsv", "h264_cuvid", "hevc", "hevc_qsv", "hevc_cuvid", "mpeg2video", "mpeg2_qsv", "mpeg2_cuvid", "mpeg4", "mpeg4_cuvid", "msmpeg4", "vc1_qsv", "vc1_cuvid", "vp8", "libvpx", "vp8_cuvid", "vp8_qsv", "vp9", "libvpx-vp9", "vp9_cuvid", "vp9_qsv", "aac", "ac3", "dca", "flac", "mp3", "truehd"]
[2023-06-09 06:12:42.977 +00:00] [INF] [6] MediaBrowser.MediaEncoding.Encoder.MediaEncoder: Available "encoders": ["libx264", "h264_amf", "h264_nvenc", "h264_qsv", "h264_v4l2m2m", "h264_vaapi", "libx265", "hevc_amf", "hevc_nvenc", "hevc_qsv", "hevc_vaapi", "mpeg4", "msmpeg4", "libvpx", "libvpx-vp9", "aac", "libfdk_aac", "ac3", "dca", "flac", "libmp3lame", "libopus", "truehd", "libvorbis", "srt"]
[2023-06-09 06:12:43.030 +00:00] [INF] [6] MediaBrowser.MediaEncoding.Encoder.MediaEncoder: Available filters: ["deinterlace_qsv", "deinterlace_vaapi", "hwupload_cuda", "hwupload_vaapi", "libplacebo", "overlay_opencl", "overlay_qsv", "overlay_vaapi", "overlay_vulkan", "overlay_cuda", "procamp_vaapi", "scale_cuda", "scale_opencl", "scale_qsv", "scale_vaapi", "scale_vulkan", "tonemap_cuda", "tonemap_opencl", "tonemap_vaapi", "vpp_qsv", "yadif_cuda", "zscale", "alphasrc"]
[2023-06-09 06:12:43.380 +00:00] [INF] [6] MediaBrowser.MediaEncoding.Encoder.MediaEncoder: Available hwaccel types: ["cuda", "vaapi", "qsv", "drm", "opencl", "vulkan"]
[2023-06-09 06:12:43.678 +00:00] [INF] [6] MediaBrowser.MediaEncoding.Encoder.MediaEncoder: FFmpeg: "/usr/lib/jellyfin-ffmpeg/ffmpeg"
[2023-06-09 06:12:43.681 +00:00] [INF] [6] Emby.Server.Implementations.ApplicationHost: ServerId: "4e0ba932b0304b389605e4b309018a67"
[2023-06-09 06:12:43.838 +00:00] [INF] [14] Emby.Server.Implementations.ApplicationHost: Executed all pre-startup entry points in 0:00:00.1483656
[2023-06-09 06:12:43.838 +00:00] [INF] [14] Emby.Server.Implementations.ApplicationHost: Core startup complete
[2023-06-09 06:12:44.112 +00:00] [INF] [14] Emby.Server.Implementations.ApplicationHost: Executed all post-startup entry points in 0:00:00.2736263
[2023-06-09 06:12:44.113 +00:00] [INF] [14] Main: Startup complete 0:00:06.2005543
[2023-06-09 06:12:48.716 +00:00] [INF] [11] Emby.Server.Implementations.ScheduledTasks.TaskManager: "Update Plugins" Completed after 0 minute(s) and 2 seconds
[2023-06-09 06:13:25.880 +00:00] [INF] [18] Emby.Server.Implementations.AppBase.BaseConfigurationManager: Saving system configuration
[2023-06-09 06:13:25.885 +00:00] [INF] [18] Emby.Server.Implementations.AppBase.BaseConfigurationManager: Setting cache path: "/lzcapp/cache"
[2023-06-09 06:13:25.888 +00:00] [INF] [11] Emby.Server.Implementations.EntryPoints.ExternalPortForwarding: Stopping NAT discovery
[2023-06-09 06:13:25.976 +00:00] [WRN] [18] Jellyfin.Server.Implementations.Users.UserManager: No users, creating one with username "root"
[2023-06-09 06:14:44.430 +00:00] [INF] [3] Emby.Server.Implementations.AppBase.BaseConfigurationManager: Saving system configuration
[2023-06-09 06:14:44.431 +00:00] [INF] [3] Emby.Server.Implementations.AppBase.BaseConfigurationManager: Setting cache path: "/lzcapp/cache"
[2023-06-09 06:14:46.115 +00:00] [INF] [18] Jellyfin.Networking.Manager.NetworkManager: Defined LAN addresses: "[10.0.0.0/8,172.16.0.0/12,192.168.0.0/16]"
[2023-06-09 06:14:46.115 +00:00] [INF] [18] Jellyfin.Networking.Manager.NetworkManager: Defined LAN exclusions: "[]"
[2023-06-09 06:14:46.116 +00:00] [INF] [18] Jellyfin.Networking.Manager.NetworkManager: Using LAN addresses: "[10.0.0.0/8,172.16.0.0/12,192.168.0.0/16]"
[2023-06-09 06:14:46.116 +00:00] [INF] [18] Jellyfin.Networking.Manager.NetworkManager: Using bind addresses: "[]"
[2023-06-09 06:14:46.117 +00:00] [INF] [18] Jellyfin.Networking.Manager.NetworkManager: Using bind exclusions: "[]"
[2023-06-09 06:14:47.486 +00:00] [INF] [22] Emby.Server.Implementations.AppBase.BaseConfigurationManager: Saving system configuration
[2023-06-09 06:14:47.487 +00:00] [INF] [22] Emby.Server.Implementations.AppBase.BaseConfigurationManager: Setting cache path: "/lzcapp/cache"
[2023-06-09 06:14:47.502 +00:00] [INF] [18] Emby.Server.Implementations.Library.LibraryManager: Validating media library
[2023-06-09 06:14:47.984 +00:00] [ERR] [22] Emby.Server.Implementations.Library.LibraryManager: Error running post-scan task
System.ArgumentException: Not enough valid pictures provided to create a splashscreen!
   at Jellyfin.Drawing.Skia.SplashscreenBuilder.GenerateCollage(IReadOnlyList`1 posters, IReadOnlyList`1 backdrops)
   at Jellyfin.Drawing.Skia.SplashscreenBuilder.GenerateSplash(IReadOnlyList`1 posters, IReadOnlyList`1 backdrops, String outputPath)
   at Jellyfin.Drawing.Skia.SkiaEncoder.CreateSplashscreen(IReadOnlyList`1 posters, IReadOnlyList`1 backdrops)
   at Emby.Server.Implementations.Library.SplashscreenPostScanTask.Run(IProgress`1 progress, CancellationToken cancellationToken)
   at Emby.Server.Implementations.Library.LibraryManager.RunPostScanTasks(IProgress`1 progress, CancellationToken cancellationToken)
[2023-06-09 06:14:48.018 +00:00] [INF] [22] Emby.Server.Implementations.ScheduledTasks.TaskManager: "扫描媒体库" Completed after 0 minute(s) and 0 seconds
[2023-06-09 06:14:55.133 +00:00] [INF] [25] Jellyfin.Server.Implementations.Users.UserManager: Authentication request for "jellyfinadmin" has succeeded.
[2023-06-09 06:14:55.134 +00:00] [INF] [25] Emby.Server.Implementations.Session.SessionManager: Current/Max sessions for user "jellyfinadmin": 0/0
[2023-06-09 06:14:55.243 +00:00] [INF] [25] Emby.Server.Implementations.Session.SessionManager: Creating new access token for user a1963617-4295-4fd4-86b7-c890293ee2cc
[2023-06-09 06:14:55.601 +00:00] [INF] [18] Emby.Server.Implementations.HttpServer.WebSocketManager: WS "172.17.0.1" request
[2023-06-09 06:16:12.876 +00:00] [INF] [26] Emby.Server.Implementations.AppBase.BaseConfigurationManager: Saving system configuration
[2023-06-09 06:16:12.878 +00:00] [INF] [26] Emby.Server.Implementations.AppBase.BaseConfigurationManager: Setting cache path: "/lzcapp/cache"
[2023-06-09 06:16:27.457 +00:00] [INF] [25] Emby.Server.Implementations.Updates.InstallationManager: Plugin "installed": "SSO Authentication" "3.4.0.0"
[2023-06-09 06:16:27.461 +00:00] [INF] [25] Emby.Server.Implementations.ApplicationHost: App needs to be restarted.
[2023-06-09 06:19:13.106 +00:00] [INF] [1] Main: Jellyfin version: "10.9.0"
[2023-06-09 06:19:13.136 +00:00] [INF] [1] Main: Environment Variables: ["[JELLYFIN_LOG_DIR, /lzcapp/var/data/log]"]
[2023-06-09 06:19:13.140 +00:00] [INF] [1] Main: Arguments: ["/jellyfin/jellyfin.dll", "--datadir", "/lzcapp/var/data", "--cachedir", "/lzcapp/cache", "--ffmpeg", "/usr/lib/jellyfin-ffmpeg/ffmpeg"]
[2023-06-09 06:19:13.141 +00:00] [INF] [1] Main: Operating system: "Linux 6.3.2-arch1-1 #1 SMP PREEMPT_DYNAMIC Thu, 11 May 2023 16:40:42 +0000"
[2023-06-09 06:19:13.141 +00:00] [INF] [1] Main: Architecture: X64
[2023-06-09 06:19:13.145 +00:00] [INF] [1] Main: 64-Bit Process: True
[2023-06-09 06:19:13.145 +00:00] [INF] [1] Main: User Interactive: True
[2023-06-09 06:19:13.145 +00:00] [INF] [1] Main: Processor count: 16
[2023-06-09 06:19:13.145 +00:00] [INF] [1] Main: Program data path: "/lzcapp/var/data"
[2023-06-09 06:19:13.146 +00:00] [INF] [1] Main: Web resources path: "/jellyfin/jellyfin-web"
[2023-06-09 06:19:13.146 +00:00] [INF] [1] Main: Application directory: "/jellyfin/"
[2023-06-09 06:19:13.293 +00:00] [INF] [1] Jellyfin.Server.Migrations.MigrationRunner: Applying migration '"CreateNetworkConfiguration"'
[2023-06-09 06:19:13.294 +00:00] [INF] [1] Jellyfin.Server.Migrations.MigrationRunner: Migration '"CreateNetworkConfiguration"' applied successfully
[2023-06-09 06:19:13.301 +00:00] [INF] [1] Jellyfin.Server.Migrations.MigrationRunner: Applying migration '"MigrateMusicBrainzTimeout"'
[2023-06-09 06:19:13.328 +00:00] [INF] [1] Jellyfin.Server.Migrations.MigrationRunner: Migration '"MigrateMusicBrainzTimeout"' applied successfully
[2023-06-09 06:19:13.354 +00:00] [INF] [1] Emby.Server.Implementations.AppBase.BaseConfigurationManager: Setting cache path: "/lzcapp/cache"
[2023-06-09 06:19:13.470 +00:00] [INF] [1] Emby.Server.Implementations.ApplicationHost: Loading assemblies
[2023-06-09 06:19:13.522 +00:00] [INF] [1] Emby.Server.Implementations.Plugins.PluginManager: Loaded assembly "IdentityModel, Version=5.2.0.0, Culture=neutral, PublicKeyToken=e7877f4675df049f" from "/lzcapp/var/data/plugins/SSO Authentication_3.4.0.0/IdentityModel.dll"
[2023-06-09 06:19:13.526 +00:00] [INF] [1] Emby.Server.Implementations.Plugins.PluginManager: Loaded assembly "SSO-Auth, Version=3.4.0.0, Culture=neutral, PublicKeyToken=null" from "/lzcapp/var/data/plugins/SSO Authentication_3.4.0.0/SSO-Auth.dll"
[2023-06-09 06:19:13.528 +00:00] [INF] [1] Emby.Server.Implementations.Plugins.PluginManager: Loaded assembly "IdentityModel.OidcClient, Version=5.0.0.0, Culture=neutral, PublicKeyToken=5580d04c1b6c37c1" from "/lzcapp/var/data/plugins/SSO Authentication_3.4.0.0/IdentityModel.OidcClient.dll"
[2023-06-09 06:19:13.637 +00:00] [INF] [1] Jellyfin.Networking.Manager.NetworkManager: Defined LAN addresses: "[10.0.0.0/8,172.16.0.0/12,192.168.0.0/16]"
[2023-06-09 06:19:13.637 +00:00] [INF] [1] Jellyfin.Networking.Manager.NetworkManager: Defined LAN exclusions: "[]"
[2023-06-09 06:19:13.638 +00:00] [INF] [1] Jellyfin.Networking.Manager.NetworkManager: Using LAN addresses: "[10.0.0.0/8,172.16.0.0/12,192.168.0.0/16]"
[2023-06-09 06:19:13.648 +00:00] [INF] [1] Jellyfin.Networking.Manager.NetworkManager: Using bind addresses: "[]"
[2023-06-09 06:19:13.648 +00:00] [INF] [1] Jellyfin.Networking.Manager.NetworkManager: Using bind exclusions: "[]"
[2023-06-09 06:19:16.179 +00:00] [INF] [1] Emby.Server.Implementations.Plugins.PluginManager: Loaded plugin: "SSO-Auth" "3.4.0.0"
[2023-06-09 06:19:16.180 +00:00] [INF] [1] Emby.Server.Implementations.Plugins.PluginManager: Loaded plugin: "TMDb" "10.9.0.0"
[2023-06-09 06:19:16.181 +00:00] [INF] [1] Emby.Server.Implementations.Plugins.PluginManager: Loaded plugin: "Studio Images" "10.9.0.0"
[2023-06-09 06:19:16.181 +00:00] [INF] [1] Emby.Server.Implementations.Plugins.PluginManager: Loaded plugin: "OMDb" "10.9.0.0"
[2023-06-09 06:19:16.203 +00:00] [INF] [1] Emby.Server.Implementations.Plugins.PluginManager: Loaded plugin: "MusicBrainz" "10.9.0.0"
[2023-06-09 06:19:16.204 +00:00] [INF] [1] Emby.Server.Implementations.Plugins.PluginManager: Loaded plugin: "AudioDB" "10.9.0.0"
[2023-06-09 06:19:16.306 +00:00] [INF] [1] Main: Kestrel listening on "Any IP4 Address"
[2023-06-09 06:19:17.049 +00:00] [INF] [1] Emby.Server.Implementations.ApplicationHost: Running startup tasks
[2023-06-09 06:19:17.088 +00:00] [INF] [1] Emby.Server.Implementations.ScheduledTasks.TaskManager: Daily trigger for "提取章节图片" set to fire at 2023-06-10 02:00:00.000 +00:00, which is 19:40:42.9113462 from now.
[2023-06-09 06:19:17.207 +00:00] [INF] [1] MediaBrowser.MediaEncoding.Encoder.MediaEncoder: Found ffmpeg version "5.1.3"
[2023-06-09 06:19:17.273 +00:00] [INF] [1] MediaBrowser.MediaEncoding.Encoder.MediaEncoder: Available "decoders": ["libdav1d", "av1", "av1_cuvid", "av1_qsv", "h264", "h264_qsv", "h264_cuvid", "hevc", "hevc_qsv", "hevc_cuvid", "mpeg2video", "mpeg2_qsv", "mpeg2_cuvid", "mpeg4", "mpeg4_cuvid", "msmpeg4", "vc1_qsv", "vc1_cuvid", "vp8", "libvpx", "vp8_cuvid", "vp8_qsv", "vp9", "libvpx-vp9", "vp9_cuvid", "vp9_qsv", "aac", "ac3", "dca", "flac", "mp3", "truehd"]
[2023-06-09 06:19:17.336 +00:00] [INF] [1] MediaBrowser.MediaEncoding.Encoder.MediaEncoder: Available "encoders": ["libx264", "h264_amf", "h264_nvenc", "h264_qsv", "h264_v4l2m2m", "h264_vaapi", "libx265", "hevc_amf", "hevc_nvenc", "hevc_qsv", "hevc_vaapi", "mpeg4", "msmpeg4", "libvpx", "libvpx-vp9", "aac", "libfdk_aac", "ac3", "dca", "flac", "libmp3lame", "libopus", "truehd", "libvorbis", "srt"]
[2023-06-09 06:19:17.386 +00:00] [INF] [1] MediaBrowser.MediaEncoding.Encoder.MediaEncoder: Available filters: ["deinterlace_qsv", "deinterlace_vaapi", "hwupload_cuda", "hwupload_vaapi", "libplacebo", "overlay_opencl", "overlay_qsv", "overlay_vaapi", "overlay_vulkan", "overlay_cuda", "procamp_vaapi", "scale_cuda", "scale_opencl", "scale_qsv", "scale_vaapi", "scale_vulkan", "tonemap_cuda", "tonemap_opencl", "tonemap_vaapi", "vpp_qsv", "yadif_cuda", "zscale", "alphasrc"]
[2023-06-09 06:19:17.734 +00:00] [INF] [1] MediaBrowser.MediaEncoding.Encoder.MediaEncoder: Available hwaccel types: ["cuda", "vaapi", "qsv", "drm", "opencl", "vulkan"]
[2023-06-09 06:19:17.989 +00:00] [INF] [11] Emby.Server.Implementations.HttpServer.WebSocketManager: WS "172.17.0.1" request
[2023-06-09 06:19:18.037 +00:00] [INF] [1] MediaBrowser.MediaEncoding.Encoder.MediaEncoder: FFmpeg: "/usr/lib/jellyfin-ffmpeg/ffmpeg"
[2023-06-09 06:19:18.039 +00:00] [INF] [1] Emby.Server.Implementations.ApplicationHost: ServerId: "4e0ba932b0304b389605e4b309018a67"
[2023-06-09 06:19:18.226 +00:00] [INF] [1] Emby.Server.Implementations.ApplicationHost: Executed all pre-startup entry points in 0:00:00.1692877
[2023-06-09 06:19:18.226 +00:00] [INF] [1] Emby.Server.Implementations.ApplicationHost: Core startup complete
[2023-06-09 06:19:18.532 +00:00] [INF] [1] Emby.Server.Implementations.ApplicationHost: Executed all post-startup entry points in 0:00:00.3053089
[2023-06-09 06:19:18.532 +00:00] [INF] [1] Main: Startup complete 0:00:05.7506578
[2023-06-09 06:19:23.395 +00:00] [INF] [11] Emby.Server.Implementations.ScheduledTasks.TaskManager: "更新插件" Completed after 0 minute(s) and 3 seconds
[2023-06-09 06:20:06.639 +00:00] [INF] [11] Emby.Server.Implementations.Session.SessionWebSocketListener: Sending ForceKeepAlive message to 1 inactive WebSockets.
[2023-06-09 06:20:18.641 +00:00] [INF] [22] Emby.Server.Implementations.Session.SessionWebSocketListener: Lost 1 WebSockets.
[2023-06-09 06:30:20.593 +00:00] [INF] [66] Emby.Server.Implementations.HttpServer.WebSocketManager: WS "172.17.0.1" closed
[2023-06-09 06:30:21.265 +00:00] [INF] [70] Emby.Server.Implementations.HttpServer.WebSocketManager: WS "172.17.0.1" request
[2023-06-09 07:19:17.368 +00:00] [INF] [33] Emby.Server.Implementations.ScheduledTasks.Tasks.OptimizeDatabaseTask: Optimizing and vacuuming jellyfin.db...
[2023-06-09 07:19:17.376 +00:00] [INF] [37] Emby.Server.Implementations.ScheduledTasks.TaskManager: "清理转码目录" Completed after 0 minute(s) and 0 seconds
[2023-06-09 07:19:17.380 +00:00] [INF] [66] Emby.Server.Implementations.ScheduledTasks.TaskManager: "清理日志目录" Completed after 0 minute(s) and 0 seconds
[2023-06-09 07:19:17.755 +00:00] [INF] [31] Emby.Server.Implementations.ScheduledTasks.TaskManager: "下载缺少的字幕" Completed after 0 minute(s) and 0 seconds
[2023-06-09 07:19:17.758 +00:00] [INF] [28] Emby.Server.Implementations.ScheduledTasks.TaskManager: "清理缓存目录" Completed after 0 minute(s) and 0 seconds
[2023-06-09 07:19:17.896 +00:00] [INF] [68] Emby.Server.Implementations.ScheduledTasks.TaskManager: "TasksRefreshChannels" Completed after 0 minute(s) and 0 seconds
[2023-06-09 07:19:17.896 +00:00] [INF] [72] Emby.Server.Implementations.Library.LibraryManager: People validation complete
[2023-06-09 07:19:17.897 +00:00] [INF] [72] Emby.Server.Implementations.ScheduledTasks.TaskManager: "刷新人员" Completed after 0 minute(s) and 0 seconds
[2023-06-09 07:19:18.000 +00:00] [INF] [33] Emby.Server.Implementations.ScheduledTasks.Tasks.OptimizeDatabaseTask: jellyfin.db optimized successfully!
[2023-06-09 07:19:18.000 +00:00] [INF] [33] Emby.Server.Implementations.ScheduledTasks.TaskManager: "优化数据库" Completed after 0 minute(s) and 0 seconds
[2023-06-09 07:19:20.988 +00:00] [INF] [30] Emby.Server.Implementations.LiveTv.LiveTvManager: Refreshing guide with 7 days of guide data
[2023-06-09 07:19:21.007 +00:00] [INF] [30] Emby.Server.Implementations.ScheduledTasks.TaskManager: "Refresh Guide" Completed after 0 minute(s) and 3 seconds
[2023-06-09 07:34:09.798 +00:00] [INF] [46] Emby.Server.Implementations.Session.SessionWebSocketListener: Sending ForceKeepAlive message to 1 inactive WebSockets.
[2023-06-09 07:35:09.827 +00:00] [INF] [41] Emby.Server.Implementations.Session.SessionWebSocketListener: Sending ForceKeepAlive message to 1 inactive WebSockets.
[2023-06-09 07:36:09.831 +00:00] [INF] [46] Emby.Server.Implementations.Session.SessionWebSocketListener: Sending ForceKeepAlive message to 1 inactive WebSockets.
[2023-06-09 07:37:09.831 +00:00] [INF] [36] Emby.Server.Implementations.Session.SessionWebSocketListener: Sending ForceKeepAlive message to 1 inactive WebSockets.
[2023-06-09 07:38:09.835 +00:00] [INF] [32] Emby.Server.Implementations.Session.SessionWebSocketListener: Sending ForceKeepAlive message to 1 inactive WebSockets.
[2023-06-09 07:39:09.839 +00:00] [INF] [8] Emby.Server.Implementations.Session.SessionWebSocketListener: Sending ForceKeepAlive message to 1 inactive WebSockets.
[2023-06-09 07:40:09.841 +00:00] [INF] [10] Emby.Server.Implementations.Session.SessionWebSocketListener: Sending ForceKeepAlive message to 1 inactive WebSockets.
[2023-06-09 07:41:09.841 +00:00] [INF] [19] Emby.Server.Implementations.Session.SessionWebSocketListener: Sending ForceKeepAlive message to 1 inactive WebSockets.
[2023-06-09 07:42:09.841 +00:00] [INF] [16] Emby.Server.Implementations.Session.SessionWebSocketListener: Sending ForceKeepAlive message to 1 inactive WebSockets.
[2023-06-09 07:43:09.849 +00:00] [INF] [20] Emby.Server.Implementations.Session.SessionWebSocketListener: Sending ForceKeepAlive message to 1 inactive WebSockets.
[2023-06-09 07:44:09.854 +00:00] [INF] [20] Emby.Server.Implementations.Session.SessionWebSocketListener: Sending ForceKeepAlive message to 1 inactive WebSockets.
[2023-06-09 07:45:09.856 +00:00] [INF] [48] Emby.Server.Implementations.Session.SessionWebSocketListener: Sending ForceKeepAlive message to 1 inactive WebSockets.
[2023-06-09 07:46:09.856 +00:00] [INF] [48] Emby.Server.Implementations.Session.SessionWebSocketListener: Sending ForceKeepAlive message to 1 inactive WebSockets.
[2023-06-09 07:47:09.867 +00:00] [INF] [55] Emby.Server.Implementations.Session.SessionWebSocketListener: Sending ForceKeepAlive message to 1 inactive WebSockets.
[2023-06-09 07:48:09.866 +00:00] [INF] [55] Emby.Server.Implementations.Session.SessionWebSocketListener: Sending ForceKeepAlive message to 1 inactive WebSockets.
[2023-06-09 07:49:09.866 +00:00] [INF] [55] Emby.Server.Implementations.Session.SessionWebSocketListener: Sending ForceKeepAlive message to 1 inactive WebSockets.
[2023-06-09 07:50:09.867 +00:00] [INF] [49] Emby.Server.Implementations.Session.SessionWebSocketListener: Sending ForceKeepAlive message to 1 inactive WebSockets.
[2023-06-09 07:51:09.868 +00:00] [INF] [61] Emby.Server.Implementations.Session.SessionWebSocketListener: Sending ForceKeepAlive message to 1 inactive WebSockets.
[2023-06-09 07:52:09.869 +00:00] [INF] [60] Emby.Server.Implementations.Session.SessionWebSocketListener: Sending ForceKeepAlive message to 1 inactive WebSockets.
[2023-06-09 07:53:09.872 +00:00] [INF] [63] Emby.Server.Implementations.Session.SessionWebSocketListener: Sending ForceKeepAlive message to 1 inactive WebSockets.
[2023-06-09 07:54:09.874 +00:00] [INF] [25] Emby.Server.Implementations.Session.SessionWebSocketListener: Sending ForceKeepAlive message to 1 inactive WebSockets.
[2023-06-09 07:55:09.876 +00:00] [INF] [25] Emby.Server.Implementations.Session.SessionWebSocketListener: Sending ForceKeepAlive message to 1 inactive WebSockets.
[2023-06-09 07:56:09.879 +00:00] [INF] [76] Emby.Server.Implementations.Session.SessionWebSocketListener: Sending ForceKeepAlive message to 1 inactive WebSockets.
[2023-06-09 07:57:09.885 +00:00] [INF] [17] Emby.Server.Implementations.Session.SessionWebSocketListener: Sending ForceKeepAlive message to 1 inactive WebSockets.
[2023-06-09 07:58:09.885 +00:00] [INF] [26] Emby.Server.Implementations.Session.SessionWebSocketListener: Sending ForceKeepAlive message to 1 inactive WebSockets.
[2023-06-09 07:59:09.887 +00:00] [INF] [67] Emby.Server.Implementations.Session.SessionWebSocketListener: Sending ForceKeepAlive message to 1 inactive WebSockets.
[2023-06-09 08:00:09.890 +00:00] [INF] [61] Emby.Server.Implementations.Session.SessionWebSocketListener: Sending ForceKeepAlive message to 1 inactive WebSockets.
[2023-06-09 08:01:09.892 +00:00] [INF] [61] Emby.Server.Implementations.Session.SessionWebSocketListener: Sending ForceKeepAlive message to 1 inactive WebSockets.
[2023-06-09 08:02:09.892 +00:00] [INF] [52] Emby.Server.Implementations.Session.SessionWebSocketListener: Sending ForceKeepAlive message to 1 inactive WebSockets.
[2023-06-09 08:03:09.898 +00:00] [INF] [48] Emby.Server.Implementations.Session.SessionWebSocketListener: Sending ForceKeepAlive message to 1 inactive WebSockets.
[2023-06-09 08:04:09.902 +00:00] [INF] [70] Emby.Server.Implementations.Session.SessionWebSocketListener: Sending ForceKeepAlive message to 1 inactive WebSockets.
[2023-06-09 08:05:09.906 +00:00] [INF] [15] Emby.Server.Implementations.Session.SessionWebSocketListener: Sending ForceKeepAlive message to 1 inactive WebSockets.
[2023-06-09 08:06:09.911 +00:00] [INF] [11] Emby.Server.Implementations.Session.SessionWebSocketListener: Sending ForceKeepAlive message to 1 inactive WebSockets.
[2023-06-09 08:07:09.943 +00:00] [INF] [11] Emby.Server.Implementations.Session.SessionWebSocketListener: Sending ForceKeepAlive message to 1 inactive WebSockets.
[2023-06-09 08:08:09.950 +00:00] [INF] [42] Emby.Server.Implementations.Session.SessionWebSocketListener: Sending ForceKeepAlive message to 1 inactive WebSockets.
[2023-06-09 08:09:09.953 +00:00] [INF] [41] Emby.Server.Implementations.Session.SessionWebSocketListener: Sending ForceKeepAlive message to 1 inactive WebSockets.
[2023-06-09 08:10:09.951 +00:00] [INF] [77] Emby.Server.Implementations.Session.SessionWebSocketListener: Sending ForceKeepAlive message to 1 inactive WebSockets.
[2023-06-09 08:11:09.955 +00:00] [INF] [45] Emby.Server.Implementations.Session.SessionWebSocketListener: Sending ForceKeepAlive message to 1 inactive WebSockets.
[2023-06-09 08:12:09.958 +00:00] [INF] [85] Emby.Server.Implementations.Session.SessionWebSocketListener: Sending ForceKeepAlive message to 1 inactive WebSockets.
[2023-06-09 08:13:09.963 +00:00] [INF] [85] Emby.Server.Implementations.Session.SessionWebSocketListener: Sending ForceKeepAlive message to 1 inactive WebSockets.
[2023-06-09 08:14:09.964 +00:00] [INF] [92] Emby.Server.Implementations.Session.SessionWebSocketListener: Sending ForceKeepAlive message to 1 inactive WebSockets.
[2023-06-09 08:15:09.967 +00:00] [INF] [94] Emby.Server.Implementations.Session.SessionWebSocketListener: Sending ForceKeepAlive message to 1 inactive WebSockets.
[2023-06-09 08:16:09.973 +00:00] [INF] [93] Emby.Server.Implementations.Session.SessionWebSocketListener: Sending ForceKeepAlive message to 1 inactive WebSockets.
[2023-06-09 08:17:09.972 +00:00] [INF] [88] Emby.Server.Implementations.Session.SessionWebSocketListener: Sending ForceKeepAlive message to 1 inactive WebSockets.
[2023-06-09 08:18:09.978 +00:00] [INF] [85] Emby.Server.Implementations.Session.SessionWebSocketListener: Sending ForceKeepAlive message to 1 inactive WebSockets.
[2023-06-09 08:19:09.979 +00:00] [INF] [88] Emby.Server.Implementations.Session.SessionWebSocketListener: Sending ForceKeepAlive message to 1 inactive WebSockets.
[2023-06-09 08:19:21.255 +00:00] [INF] [87] Emby.Server.Implementations.LiveTv.LiveTvManager: Refreshing guide with 7 days of guide data
[2023-06-09 08:19:21.270 +00:00] [INF] [87] Emby.Server.Implementations.ScheduledTasks.TaskManager: "Refresh Guide" Completed after 0 minute(s) and 3 seconds
[2023-06-09 08:20:09.985 +00:00] [INF] [84] Emby.Server.Implementations.Session.SessionWebSocketListener: Sending ForceKeepAlive message to 1 inactive WebSockets.
[2023-06-09 08:21:09.984 +00:00] [INF] [84] Emby.Server.Implementations.Session.SessionWebSocketListener: Sending ForceKeepAlive message to 1 inactive WebSockets.
[2023-06-09 08:22:09.985 +00:00] [INF] [90] Emby.Server.Implementations.Session.SessionWebSocketListener: Sending ForceKeepAlive message to 1 inactive WebSockets.
[2023-06-09 08:23:09.989 +00:00] [INF] [90] Emby.Server.Implementations.Session.SessionWebSocketListener: Sending ForceKeepAlive message to 1 inactive WebSockets.
[2023-06-09 08:24:09.988 +00:00] [INF] [66] Emby.Server.Implementations.Session.SessionWebSocketListener: Sending ForceKeepAlive message to 1 inactive WebSockets.
[2023-06-09 08:25:09.992 +00:00] [INF] [69] Emby.Server.Implementations.Session.SessionWebSocketListener: Sending ForceKeepAlive message to 1 inactive WebSockets.
[2023-06-09 08:26:09.992 +00:00] [INF] [33] Emby.Server.Implementations.Session.SessionWebSocketListener: Sending ForceKeepAlive message to 1 inactive WebSockets.
[2023-06-09 08:27:09.992 +00:00] [INF] [28] Emby.Server.Implementations.Session.SessionWebSocketListener: Sending ForceKeepAlive message to 1 inactive WebSockets.
[2023-06-09 08:28:09.995 +00:00] [INF] [37] Emby.Server.Implementations.Session.SessionWebSocketListener: Sending ForceKeepAlive message to 1 inactive WebSockets.
[2023-06-09 08:29:09.999 +00:00] [INF] [40] Emby.Server.Implementations.Session.SessionWebSocketListener: Sending ForceKeepAlive message to 1 inactive WebSockets.
[2023-06-09 08:30:10.003 +00:00] [INF] [40] Emby.Server.Implementations.Session.SessionWebSocketListener: Sending ForceKeepAlive message to 1 inactive WebSockets.
[2023-06-09 08:31:10.002 +00:00] [INF] [38] Emby.Server.Implementations.Session.SessionWebSocketListener: Sending ForceKeepAlive message to 1 inactive WebSockets.
[2023-06-09 08:32:10.004 +00:00] [INF] [32] Emby.Server.Implementations.Session.SessionWebSocketListener: Sending ForceKeepAlive message to 1 inactive WebSockets.
[2023-06-09 08:33:10.006 +00:00] [INF] [27] Emby.Server.Implementations.Session.SessionWebSocketListener: Sending ForceKeepAlive message to 1 inactive WebSockets.
[2023-06-09 08:34:10.007 +00:00] [INF] [16] Emby.Server.Implementations.Session.SessionWebSocketListener: Sending ForceKeepAlive message to 1 inactive WebSockets.
[2023-06-09 08:35:10.012 +00:00] [INF] [19] Emby.Server.Implementations.Session.SessionWebSocketListener: Sending ForceKeepAlive message to 1 inactive WebSockets.
[2023-06-09 08:36:10.011 +00:00] [INF] [43] Emby.Server.Implementations.Session.SessionWebSocketListener: Sending ForceKeepAlive message to 1 inactive WebSockets.
[2023-06-09 08:37:10.014 +00:00] [INF] [21] Emby.Server.Implementations.Session.SessionWebSocketListener: Sending ForceKeepAlive message to 1 inactive WebSockets.
[2023-06-09 08:38:10.024 +00:00] [INF] [52] Emby.Server.Implementations.Session.SessionWebSocketListener: Sending ForceKeepAlive message to 1 inactive WebSockets.
[2023-06-09 08:39:10.034 +00:00] [INF] [52] Emby.Server.Implementations.Session.SessionWebSocketListener: Sending ForceKeepAlive message to 1 inactive WebSockets.
[2023-06-09 08:40:10.048 +00:00] [INF] [52] Emby.Server.Implementations.Session.SessionWebSocketListener: Sending ForceKeepAlive message to 1 inactive WebSockets.
[2023-06-09 08:41:10.055 +00:00] [INF] [53] Emby.Server.Implementations.Session.SessionWebSocketListener: Sending ForceKeepAlive message to 1 inactive WebSockets.
[2023-06-09 08:42:10.071 +00:00] [INF] [47] Emby.Server.Implementations.Session.SessionWebSocketListener: Sending ForceKeepAlive message to 1 inactive WebSockets.
[2023-06-09 08:43:10.084 +00:00] [INF] [53] Emby.Server.Implementations.Session.SessionWebSocketListener: Sending ForceKeepAlive message to 1 inactive WebSockets.
[2023-06-09 08:44:10.091 +00:00] [INF] [70] Emby.Server.Implementations.Session.SessionWebSocketListener: Sending ForceKeepAlive message to 1 inactive WebSockets.
[2023-06-09 08:45:10.102 +00:00] [INF] [20] Emby.Server.Implementations.Session.SessionWebSocketListener: Sending ForceKeepAlive message to 1 inactive WebSockets.
[2023-06-09 08:46:10.110 +00:00] [INF] [21] Emby.Server.Implementations.Session.SessionWebSocketListener: Sending ForceKeepAlive message to 1 inactive WebSockets.
[2023-06-09 08:47:10.115 +00:00] [INF] [21] Emby.Server.Implementations.Session.SessionWebSocketListener: Sending ForceKeepAlive message to 1 inactive WebSockets.
[2023-06-09 08:48:10.118 +00:00] [INF] [18] Emby.Server.Implementations.Session.SessionWebSocketListener: Sending ForceKeepAlive message to 1 inactive WebSockets.
[2023-06-09 08:49:10.124 +00:00] [INF] [32] Emby.Server.Implementations.Session.SessionWebSocketListener: Sending ForceKeepAlive message to 1 inactive WebSockets.
[2023-06-09 08:50:10.128 +00:00] [INF] [39] Emby.Server.Implementations.Session.SessionWebSocketListener: Sending ForceKeepAlive message to 1 inactive WebSockets.
[2023-06-09 08:51:10.131 +00:00] [INF] [41] Emby.Server.Implementations.Session.SessionWebSocketListener: Sending ForceKeepAlive message to 1 inactive WebSockets.
[2023-06-09 08:52:26.029 +00:00] [INF] [34] Emby.Server.Implementations.HttpServer.WebSocketManager: WS "172.17.0.1" closed
